Using pre-set license
Built from '2020.3/staging' branch; Version is '2020.3.30f1 (1fb1bf06830e) revision 2077119'; Using compiler version '192528614'; Build Type 'Release'
OS: 'Windows 10  (10.0.19043) 64bit Core' Language: 'pt' Physical Memory: 5940 MB
BatchMode: 1, IsHumanControllingUs: 0, StartBugReporterOnCrash: 0, Is64bit: 1, IsPro: 0

COMMAND LINE ARGUMENTS:
C:\Program Files\Unity\Hub\Editor\2020.3.30f1\Editor\Unity.exe
-adb2
-batchMode
-noUpm
-name
AssetImportWorker0
-projectPath
C:/Users/Notebook_Samsung/Desktop/TESTE_MAPA
-logFile
Logs/AssetImportWorker0.log
-srvPort
51384
Successfully changed project path to: C:/Users/Notebook_Samsung/Desktop/TESTE_MAPA
C:/Users/Notebook_Samsung/Desktop/TESTE_MAPA
Using Asset Import Pipeline V2.
Refreshing native plugins compatible for Editor in 449.22 ms, found 3 plugins.
Preloading 0 native plugins for Editor in 0.00 ms.
Initialize engine version: 2020.3.30f1 (1fb1bf06830e)
[Subsystems] Discovering subsystems at path C:/Program Files/Unity/Hub/Editor/2020.3.30f1/Editor/Data/Resources/UnitySubsystems
[Subsystems] Discovering subsystems at path C:/Users/Notebook_Samsung/Desktop/TESTE_MAPA/Assets
GfxDevice: creating device client; threaded=0
Direct3D:
    Version:  Direct3D 11.0 [level 10.0]
    Renderer: Intel(R) HD Graphics (ID=0x46)
    Vendor:   
    VRAM:     128 MB
    Driver:   8.15.10.2900
Initialize mono
Mono path[0] = 'C:/Program Files/Unity/Hub/Editor/2020.3.30f1/Editor/Data/Managed'
Mono path[1] = 'C:/Program Files/Unity/Hub/Editor/2020.3.30f1/Editor/Data/MonoBleedingEdge/lib/mono/unityjit'
Mono config path = 'C:/Program Files/Unity/Hub/Editor/2020.3.30f1/Editor/Data/MonoBleedingEdge/etc'
Using monoOptions --debugger-agent=transport=dt_socket,embedding=1,server=y,suspend=n,address=127.0.0.1:56532
Begin MonoManager ReloadAssembly
Registering precompiled unity dll's ...
Register platform support module: C:/Program Files/Unity/Hub/Editor/2020.3.30f1/Editor/Data/PlaybackEngines/WindowsStandaloneSupport/UnityEditor.WindowsStandalone.Extensions.dll
Registered in 0.005441 seconds.
Native extension for WindowsStandalone target not found
Refreshing native plugins compatible for Editor in 228.86 ms, found 3 plugins.
Preloading 0 native plugins for Editor in 0.00 ms.
Mono: successfully reloaded assembly
- Completed reload, in  1.879 seconds
Domain Reload Profiling:
	ReloadAssembly (1880ms)
		BeginReloadAssembly (231ms)
			ExecutionOrderSort (0ms)
			DisableScriptedObjects (0ms)
			BackupInstance (0ms)
			ReleaseScriptingObjects (0ms)
			CreateAndSetChildDomain (3ms)
		EndReloadAssembly (1409ms)
			LoadAssemblies (203ms)
			RebuildTransferFunctionScriptingTraits (0ms)
			SetupTypeCache (429ms)
			ReleaseScriptCaches (0ms)
			RebuildScriptCaches (69ms)
			SetupLoadedEditorAssemblies (559ms)
				LogAssemblyErrors (0ms)
				InitializePlatformSupportModulesInManaged (10ms)
				SetLoadedEditorAssemblies (0ms)
				RefreshPlugins (229ms)
				BeforeProcessingInitializeOnLoad (24ms)
				ProcessInitializeOnLoadAttributes (229ms)
				ProcessInitializeOnLoadMethodAttributes (65ms)
				AfterProcessingInitializeOnLoad (0ms)
				EditorAssembliesLoaded (0ms)
			ExecutionOrderSort2 (0ms)
			AwakeInstancesAfterBackupRestoration (0ms)
Platform modules already initialized, skipping
Registering precompiled user dll's ...
Registered in 0.016269 seconds.
Begin MonoManager ReloadAssembly
Native extension for WindowsStandalone target not found
Refreshing native plugins compatible for Editor in 215.18 ms, found 3 plugins.
Preloading 0 native plugins for Editor in 0.00 ms.
Mono: successfully reloaded assembly
- Completed reload, in  3.933 seconds
Domain Reload Profiling:
	ReloadAssembly (3936ms)
		BeginReloadAssembly (490ms)
			ExecutionOrderSort (0ms)
			DisableScriptedObjects (20ms)
			BackupInstance (0ms)
			ReleaseScriptingObjects (0ms)
			CreateAndSetChildDomain (51ms)
		EndReloadAssembly (3220ms)
			LoadAssemblies (283ms)
			RebuildTransferFunctionScriptingTraits (0ms)
			SetupTypeCache (1085ms)
			ReleaseScriptCaches (7ms)
			RebuildScriptCaches (129ms)
			SetupLoadedEditorAssemblies (1284ms)
				LogAssemblyErrors (0ms)
				InitializePlatformSupportModulesInManaged (8ms)
				SetLoadedEditorAssemblies (1ms)
				RefreshPlugins (215ms)
				BeforeProcessingInitializeOnLoad (262ms)
				ProcessInitializeOnLoadAttributes (643ms)
				ProcessInitializeOnLoadMethodAttributes (140ms)
				AfterProcessingInitializeOnLoad (15ms)
				EditorAssembliesLoaded (0ms)
			ExecutionOrderSort2 (0ms)
			AwakeInstancesAfterBackupRestoration (15ms)
Platform modules already initialized, skipping
========================================================================
Worker process is ready to serve import requests
Launched and connected shader compiler UnityShaderCompiler.exe after 0.12 seconds
Refreshing native plugins compatible for Editor in 1.89 ms, found 3 plugins.
Preloading 0 native plugins for Editor in 0.00 ms.
Unloading 2900 Unused Serialized files (Serialized files now loaded: 0)
System memory in use before: 117.8 MB.
System memory in use after: 118.0 MB.

Unloading 62 unused Assets to reduce memory usage. Loaded Objects now: 3302.
Total: 19.846500 ms (FindLiveObjects: 0.504300 ms CreateObjectMapping: 0.230300 ms MarkObjects: 18.860300 ms  DeleteObjects: 0.248000 ms)

AssetImportParameters requested are different than current active one (requested -> active):
  custom:framework-win-MediaFoundation: 216162199b28c13a410421893ffa2e32 -> 
  custom:video-decoder-ogg-theora: a1e56fd34408186e4bbccfd4996cb3dc -> 
  custom:container-muxer-webm: aa71ff27fc2769a1b78a27578f13a17b -> 
  custom:container-demuxer-webm: 4f35f7cbe854078d1ac9338744f61a02 -> 
  custom:container-demuxer-ogg: 62fdf1f143b41e24485cea50d1cbac27 -> 
  custom:video-encoder-webm-vp8: eb34c28f22e8b96e1ab97ce403110664 -> 
  custom:video-decoder-webm-vp8: 9c59270c3fd7afecdb556c50c9e8de78 -> 
  custom:audio-decoder-ogg-vorbis: bf7c407c2cedff20999df2af8eb42d56 -> 
  custom:audio-encoder-webm-vorbis: bf7c407c2cedff20999df2af8eb42d56 -> 
========================================================================
Received Import Request.
  path: Assets/Sunnyland/artwork/Environment/tileset-sliced.png
  artifactKey: Guid(261212b977f594d5dbc48631a5c1295c) Importer(815301076,1909f56bfc062723c751e8b465ee728b)
Start importing Assets/Sunnyland/artwork/Environment/tileset-sliced.png using Guid(261212b977f594d5dbc48631a5c1295c) Importer(815301076,1909f56bfc062723c751e8b465ee728b)  -> (artifact id: '13beae4efe259ffc1b9eb70cc1c2c1f7') in 1.545596 seconds 
========================================================================
Received Import Request.
  Time since last request: 0.000799 seconds.
  path: Assets/Sunnyland/artwork/Environment/middle.png
  artifactKey: Guid(de41d366c687a46beb6a9acaa88c12db) Importer(815301076,1909f56bfc062723c751e8b465ee728b)
Start importing Assets/Sunnyland/artwork/Environment/middle.png using Guid(de41d366c687a46beb6a9acaa88c12db) Importer(815301076,1909f56bfc062723c751e8b465ee728b)  -> (artifact id: '37bd9318211340215f5e607914c3e710') in 0.030594 seconds 
========================================================================
Received Import Request.
  Time since last request: 0.000639 seconds.
  path: Assets/Sunnyland/artwork/Environment/back.png
  artifactKey: Guid(8e160a2a620644cd6afef9119dad1093) Importer(815301076,1909f56bfc062723c751e8b465ee728b)
Start importing Assets/Sunnyland/artwork/Environment/back.png using Guid(8e160a2a620644cd6afef9119dad1093) Importer(815301076,1909f56bfc062723c751e8b465ee728b)  -> (artifact id: '184fba7dd6918a074fc56c224f70b71e') in 0.060834 seconds 
========================================================================
Received Import Request.
  Time since last request: 0.000708 seconds.
  path: Assets/Sunnyland/artwork/Environment/tileset.png
  artifactKey: Guid(3b66e1a27c9634fe9a4746c47eeda7cc) Importer(815301076,1909f56bfc062723c751e8b465ee728b)
Start importing Assets/Sunnyland/artwork/Environment/tileset.png using Guid(3b66e1a27c9634fe9a4746c47eeda7cc) Importer(815301076,1909f56bfc062723c751e8b465ee728b)  -> (artifact id: '78e60e5edc645a6df5843e12d955ac25') in 0.036861 seconds 
========================================================================
Received Import Request.
  Time since last request: 782.795222 seconds.
  path: Assets/Scenes/SampleScene.unity
  artifactKey: Guid(2cda990e2423bbf4892e6590ba056729) Importer(815301076,1909f56bfc062723c751e8b465ee728b)
Start importing Assets/Scenes/SampleScene.unity using Guid(2cda990e2423bbf4892e6590ba056729) Importer(815301076,1909f56bfc062723c751e8b465ee728b)  -> (artifact id: 'b7e17301c0c96e7e88dd75b5541f0624') in 0.014979 seconds 
========================================================================
Received Import Request.
  Time since last request: 31.903668 seconds.
  path: Assets/Cenario_do_Jogo.png
  artifactKey: Guid(e64435ad7d5b5a048b7024380ac7e1a4) Importer(815301076,1909f56bfc062723c751e8b465ee728b)
Start importing Assets/Cenario_do_Jogo.png using Guid(e64435ad7d5b5a048b7024380ac7e1a4) Importer(815301076,1909f56bfc062723c751e8b465ee728b)  -> (artifact id: '7b82e86789eaa6f4e25a3163b10085b3') in 0.048596 seconds 
========================================================================
Received Import Request.
  Time since last request: 0.000779 seconds.
  path: Assets/MapaInicialTeste.png
  artifactKey: Guid(7dfba3db09fd5844a8e0b24fecf18b0a) Importer(815301076,1909f56bfc062723c751e8b465ee728b)
Start importing Assets/MapaInicialTeste.png using Guid(7dfba3db09fd5844a8e0b24fecf18b0a) Importer(815301076,1909f56bfc062723c751e8b465ee728b)  -> (artifact id: '601fc381d71848a944003fce6d8e1a31') in 0.059169 seconds 
========================================================================
Received Import Request.
  Time since last request: 0.000747 seconds.
  path: Assets/Square.png
  artifactKey: Guid(95a8a2ee4812f574cb4a8cc04c34c846) Importer(815301076,1909f56bfc062723c751e8b465ee728b)
Start importing Assets/Square.png using Guid(95a8a2ee4812f574cb4a8cc04c34c846) Importer(815301076,1909f56bfc062723c751e8b465ee728b)  -> (artifact id: 'd36980139731846f208f5afe1d8e32f9') in 0.054231 seconds 
========================================================================
Received Import Request.
  Time since last request: 1.466808 seconds.
  path: Assets/Medieval_pixel_art_asset_FREE
  artifactKey: Guid(da414fc7c0809c44fa16d9a2841b0c4d) Importer(815301076,1909f56bfc062723c751e8b465ee728b)
Start importing Assets/Medieval_pixel_art_asset_FREE using Guid(da414fc7c0809c44fa16d9a2841b0c4d) Importer(815301076,1909f56bfc062723c751e8b465ee728b)  -> (artifact id: '1835059e6c46b7c2569b2d1e6fc04343') in 0.010416 seconds 
========================================================================
Received Import Request.
  Time since last request: 1.133474 seconds.
  path: Assets/Medieval_pixel_art_asset_FREE/palettes
  artifactKey: Guid(b77922e1d5d31154ca6068d40f1dc7e0) Importer(815301076,1909f56bfc062723c751e8b465ee728b)
Start importing Assets/Medieval_pixel_art_asset_FREE/palettes using Guid(b77922e1d5d31154ca6068d40f1dc7e0) Importer(815301076,1909f56bfc062723c751e8b465ee728b)  -> (artifact id: '494f645eb2b326f6589157a59b663691') in 0.006784 seconds 
========================================================================
Received Import Request.
  Time since last request: 0.064435 seconds.
  path: Assets/Medieval_pixel_art_asset_FREE/palettes/Medieval_pixel_art_tileset_free.prefab
  artifactKey: Guid(24d7ac66bf388d14186f825aca992a57) Importer(815301076,1909f56bfc062723c751e8b465ee728b)
Start importing Assets/Medieval_pixel_art_asset_FREE/palettes/Medieval_pixel_art_tileset_free.prefab using Guid(24d7ac66bf388d14186f825aca992a57) Importer(815301076,1909f56bfc062723c751e8b465ee728b)  -> (artifact id: '20a5c8a8f96590e99ddeeec495337930') in 0.248093 seconds 
========================================================================
Received Import Request.
  Time since last request: 4.085485 seconds.
  path: Assets/Medieval_pixel_art_asset_FREE/Textures
  artifactKey: Guid(d91241baa713a0d4a812a1d5aee49972) Importer(815301076,1909f56bfc062723c751e8b465ee728b)
Start importing Assets/Medieval_pixel_art_asset_FREE/Textures using Guid(d91241baa713a0d4a812a1d5aee49972) Importer(815301076,1909f56bfc062723c751e8b465ee728b)  -> (artifact id: '04ba34a8926be86615230210200b7547') in 0.005877 seconds 
========================================================================
Received Import Request.
  Time since last request: 0.058978 seconds.
  path: Assets/Medieval_pixel_art_asset_FREE/Textures/Medieval_props_free.png
  artifactKey: Guid(ae3918a914038694d852d0bb81f62473) Importer(815301076,1909f56bfc062723c751e8b465ee728b)
Start importing Assets/Medieval_pixel_art_asset_FREE/Textures/Medieval_props_free.png using Guid(ae3918a914038694d852d0bb81f62473) Importer(815301076,1909f56bfc062723c751e8b465ee728b)  -> (artifact id: '08cbb8ca0c7f3ecb30d369f66ab3d759') in 0.278627 seconds 
========================================================================
Received Import Request.
  Time since last request: 0.000779 seconds.
  path: Assets/Medieval_pixel_art_asset_FREE/Textures/Medieval_tiles_free2.png
  artifactKey: Guid(cf57b3e7835b02e4493371d9bc259b1b) Importer(815301076,1909f56bfc062723c751e8b465ee728b)
Start importing Assets/Medieval_pixel_art_asset_FREE/Textures/Medieval_tiles_free2.png using Guid(cf57b3e7835b02e4493371d9bc259b1b) Importer(815301076,1909f56bfc062723c751e8b465ee728b)  -> (artifact id: '80a427d45d99a8aa18ffc4c11881e524') in 1.454804 seconds 
========================================================================
Received Import Request.
  Time since last request: 11.002017 seconds.
  path: Assets/Prefabs
  artifactKey: Guid(290d695cb32a85448a09cb3af17c858b) Importer(815301076,1909f56bfc062723c751e8b465ee728b)
Start importing Assets/Prefabs using Guid(290d695cb32a85448a09cb3af17c858b) Importer(815301076,1909f56bfc062723c751e8b465ee728b)  -> (artifact id: 'c39dc0171b9bb043457cd697a11a3436') in 0.006503 seconds 
========================================================================
Received Import Request.
  Time since last request: 0.087493 seconds.
  path: Assets/Prefabs/Bloco de Azulejo.prefab
  artifactKey: Guid(83e3fe4f8665c7148b9beebe1e82448a) Importer(815301076,1909f56bfc062723c751e8b465ee728b)
Start importing Assets/Prefabs/Bloco de Azulejo.prefab using Guid(83e3fe4f8665c7148b9beebe1e82448a) Importer(815301076,1909f56bfc062723c751e8b465ee728b)  -> (artifact id: '7caf3688791bfdfe6200ada5361cc50a') in 0.033701 seconds 
========================================================================
Received Import Request.
  Time since last request: 0.001185 seconds.
  path: Assets/Prefabs/Tile_Dirt_2.prefab
  artifactKey: Guid(50f7cc8782386274dbb7ae3fb16ee0b2) Importer(815301076,1909f56bfc062723c751e8b465ee728b)
Start importing Assets/Prefabs/Tile_Dirt_2.prefab using Guid(50f7cc8782386274dbb7ae3fb16ee0b2) Importer(815301076,1909f56bfc062723c751e8b465ee728b)  -> (artifact id: 'f93d96dc30666cbfa0b42255c433e0c0') in 0.039057 seconds 
========================================================================
Received Import Request.
  Time since last request: 0.000786 seconds.
  path: Assets/Prefabs/Tile_Grass_2.prefab
  artifactKey: Guid(c6204a8c974ed8f44a5220f760eabeb1) Importer(815301076,1909f56bfc062723c751e8b465ee728b)
Start importing Assets/Prefabs/Tile_Grass_2.prefab using Guid(c6204a8c974ed8f44a5220f760eabeb1) Importer(815301076,1909f56bfc062723c751e8b465ee728b)  -> (artifact id: '8b0826f9d562cad9335dc0be799e36c4') in 0.078477 seconds 
========================================================================
Received Import Request.
  Time since last request: 0.000700 seconds.
  path: Assets/Prefabs/Tile_Dirt_7.prefab
  artifactKey: Guid(93d696d4c04c837488749722bb020b93) Importer(815301076,1909f56bfc062723c751e8b465ee728b)
Start importing Assets/Prefabs/Tile_Dirt_7.prefab using Guid(93d696d4c04c837488749722bb020b93) Importer(815301076,1909f56bfc062723c751e8b465ee728b)  -> (artifact id: '0a21e2987479dda8ed618efa54e1d0e5') in 0.021920 seconds 
========================================================================
Received Import Request.
  Time since last request: 0.000896 seconds.
  path: Assets/Prefabs/PersonagemTeste.prefab
  artifactKey: Guid(e95e5cab8dd782247977c10694d44c7e) Importer(815301076,1909f56bfc062723c751e8b465ee728b)
Start importing Assets/Prefabs/PersonagemTeste.prefab using Guid(e95e5cab8dd782247977c10694d44c7e) Importer(815301076,1909f56bfc062723c751e8b465ee728b)  -> (artifact id: '33c0b6625d80acaaff7ed78173f499f1') in 0.030749 seconds 
========================================================================
Received Import Request.
  Time since last request: 0.000766 seconds.
  path: Assets/Prefabs/Tile_dirt_5.prefab
  artifactKey: Guid(c5dbbef739a252c44bb579008b21a72f) Importer(815301076,1909f56bfc062723c751e8b465ee728b)
Start importing Assets/Prefabs/Tile_dirt_5.prefab using Guid(c5dbbef739a252c44bb579008b21a72f) Importer(815301076,1909f56bfc062723c751e8b465ee728b)  -> (artifact id: '63db0e6b850fd81c33214fa47c19f9c6') in 0.042638 seconds 
========================================================================
Received Import Request.
  Time since last request: 0.000655 seconds.
  path: Assets/Prefabs/Disparo.prefab
  artifactKey: Guid(7118d9e6a64889f4aae28e165d5b186c) Importer(815301076,1909f56bfc062723c751e8b465ee728b)
Start importing Assets/Prefabs/Disparo.prefab using Guid(7118d9e6a64889f4aae28e165d5b186c) Importer(815301076,1909f56bfc062723c751e8b465ee728b)  -> (artifact id: 'bdb79faec4cc0da61c8235e0e2c4d15c') in 0.038054 seconds 
========================================================================
Received Import Request.
  Time since last request: 0.000702 seconds.
  path: Assets/Prefabs/Tile_Dirt_Ground.prefab
  artifactKey: Guid(7359f022958250e4c8aa624d563901e2) Importer(815301076,1909f56bfc062723c751e8b465ee728b)
Start importing Assets/Prefabs/Tile_Dirt_Ground.prefab using Guid(7359f022958250e4c8aa624d563901e2) Importer(815301076,1909f56bfc062723c751e8b465ee728b)  -> (artifact id: '8488a784bb60732f4f0b77ec4a578718') in 0.025907 seconds 
========================================================================
Received Import Request.
  Time since last request: 0.000572 seconds.
  path: Assets/Prefabs/Tile_Grass_3.prefab
  artifactKey: Guid(5ad2e62afd5c6ab41aa1ada60a40ed06) Importer(815301076,1909f56bfc062723c751e8b465ee728b)
Start importing Assets/Prefabs/Tile_Grass_3.prefab using Guid(5ad2e62afd5c6ab41aa1ada60a40ed06) Importer(815301076,1909f56bfc062723c751e8b465ee728b)  -> (artifact id: 'c4f10356db81dfa3f947f5ce910e9938') in 0.024159 seconds 
========================================================================
Received Import Request.
  Time since last request: 0.001588 seconds.
  path: Assets/Prefabs/Tile_Dirt_4.prefab
  artifactKey: Guid(79a5527cf1ef1284da6278886adbbed4) Importer(815301076,1909f56bfc062723c751e8b465ee728b)
Start importing Assets/Prefabs/Tile_Dirt_4.prefab using Guid(79a5527cf1ef1284da6278886adbbed4) Importer(815301076,1909f56bfc062723c751e8b465ee728b)  -> (artifact id: 'c910bb244bce3c5a406a3cae76546182') in 0.036322 seconds 
========================================================================
Received Import Request.
  Time since last request: 0.000590 seconds.
  path: Assets/Prefabs/Tile_Dirt_6.prefab
  artifactKey: Guid(3c39a81f2d2171f4ba5ce254a326da67) Importer(815301076,1909f56bfc062723c751e8b465ee728b)
Start importing Assets/Prefabs/Tile_Dirt_6.prefab using Guid(3c39a81f2d2171f4ba5ce254a326da67) Importer(815301076,1909f56bfc062723c751e8b465ee728b)  -> (artifact id: '88c3f44aaf0f81fb94e5f781f0ae6e2f') in 0.036427 seconds 
========================================================================
Received Import Request.
  Time since last request: 0.001200 seconds.
  path: Assets/Prefabs/Tile_Solid_Dirt.prefab
  artifactKey: Guid(b384a3db86006754cabd7a55964dce38) Importer(815301076,1909f56bfc062723c751e8b465ee728b)
Start importing Assets/Prefabs/Tile_Solid_Dirt.prefab using Guid(b384a3db86006754cabd7a55964dce38) Importer(815301076,1909f56bfc062723c751e8b465ee728b)  -> (artifact id: '529419b6f9893056706435d75f6bfd94') in 0.031725 seconds 
========================================================================
Received Import Request.
  Time since last request: 0.000601 seconds.
  path: Assets/Prefabs/Tile_Grass_1.prefab
  artifactKey: Guid(3f9cef2026a193545bd9e115931312ed) Importer(815301076,1909f56bfc062723c751e8b465ee728b)
Start importing Assets/Prefabs/Tile_Grass_1.prefab using Guid(3f9cef2026a193545bd9e115931312ed) Importer(815301076,1909f56bfc062723c751e8b465ee728b)  -> (artifact id: 'a04d4d3bb91eeba4c467e9123de0904c') in 0.023474 seconds 
========================================================================
Received Import Request.
  Time since last request: 0.000759 seconds.
  path: Assets/Prefabs/Tile_Dirt_1.prefab
  artifactKey: Guid(0234f2381b3d4d640b80e0269e1fde98) Importer(815301076,1909f56bfc062723c751e8b465ee728b)
Start importing Assets/Prefabs/Tile_Dirt_1.prefab using Guid(0234f2381b3d4d640b80e0269e1fde98) Importer(815301076,1909f56bfc062723c751e8b465ee728b)  -> (artifact id: 'b61917e1f67ecd7337ea6dc3af9818da') in 0.023744 seconds 
========================================================================
Received Import Request.
  Time since last request: 0.000839 seconds.
  path: Assets/Prefabs/Tile_Dirt_3.prefab
  artifactKey: Guid(cf2b00e2c09b6d0478c646ed543c49e1) Importer(815301076,1909f56bfc062723c751e8b465ee728b)
Start importing Assets/Prefabs/Tile_Dirt_3.prefab using Guid(cf2b00e2c09b6d0478c646ed543c49e1) Importer(815301076,1909f56bfc062723c751e8b465ee728b)  -> (artifact id: 'fc02a6fcc07e4151af7ff2666c2c690b') in 0.030668 seconds 
========================================================================
Received Import Request.
  Time since last request: 2.141832 seconds.
  path: Assets/Resources
  artifactKey: Guid(65be5ff6c93ea0b459348ea1bdf0aad8) Importer(815301076,1909f56bfc062723c751e8b465ee728b)
Start importing Assets/Resources using Guid(65be5ff6c93ea0b459348ea1bdf0aad8) Importer(815301076,1909f56bfc062723c751e8b465ee728b)  -> (artifact id: 'c3130a2e7a084ad1ba3a10d4d6b3d0aa') in 0.008830 seconds 
========================================================================
Received Import Request.
  Time since last request: 5.351285 seconds.
  path: Assets/Resources/BillingMode.json
  artifactKey: Guid(b24f810317963b345969058aacc672c2) Importer(815301076,1909f56bfc062723c751e8b465ee728b)
Start importing Assets/Resources/BillingMode.json using Guid(b24f810317963b345969058aacc672c2) Importer(815301076,1909f56bfc062723c751e8b465ee728b)  -> (artifact id: 'fe495d7a4411f7fcd5fcf1d2406b6f81') in 0.100394 seconds 
========================================================================
Received Import Request.
  Time since last request: 4.499546 seconds.
  path: Assets/Scenes
  artifactKey: Guid(131a6b21c8605f84396be9f6751fb6e3) Importer(815301076,1909f56bfc062723c751e8b465ee728b)
Start importing Assets/Scenes using Guid(131a6b21c8605f84396be9f6751fb6e3) Importer(815301076,1909f56bfc062723c751e8b465ee728b)  -> (artifact id: 'df75b7d1a31c5b4f73fd45661b403b04') in 0.008245 seconds 
========================================================================
Received Import Request.
  Time since last request: 2.487202 seconds.
  path: Assets/Scripts
  artifactKey: Guid(a2917e9dcea85ac4a87f02a575cc3e6d) Importer(815301076,1909f56bfc062723c751e8b465ee728b)
Start importing Assets/Scripts using Guid(a2917e9dcea85ac4a87f02a575cc3e6d) Importer(815301076,1909f56bfc062723c751e8b465ee728b)  -> (artifact id: 'ce3461d7efb4908d7e8a86f65170d71c') in 0.008536 seconds 
========================================================================
Received Import Request.
  Time since last request: 8.694214 seconds.
  path: Assets/Grounded.cs
  artifactKey: Guid(e1e2b2303cb7216489868cdead30330b) Importer(815301076,1909f56bfc062723c751e8b465ee728b)
Start importing Assets/Grounded.cs using Guid(e1e2b2303cb7216489868cdead30330b) Importer(815301076,1909f56bfc062723c751e8b465ee728b)  -> (artifact id: 'c4aeaf64a9d3cb76f236975924019fd5') in 0.033638 seconds 
========================================================================
Received Import Request.
  Time since last request: 2.671762 seconds.
  path: Assets/Sprites
  artifactKey: Guid(01bbf02c11885e7438c845973951fe28) Importer(815301076,1909f56bfc062723c751e8b465ee728b)
Start importing Assets/Sprites using Guid(01bbf02c11885e7438c845973951fe28) Importer(815301076,1909f56bfc062723c751e8b465ee728b)  -> (artifact id: '862d2636d5bad6747d6454b274a215a4') in 0.013313 seconds 
========================================================================
Received Import Request.
  Time since last request: 0.058903 seconds.
  path: Assets/Sprites/Dirt_A_04.jpg
  artifactKey: Guid(bb876409b13e0104eb71822d06d4d8a8) Importer(815301076,1909f56bfc062723c751e8b465ee728b)
Start importing Assets/Sprites/Dirt_A_04.jpg using Guid(bb876409b13e0104eb71822d06d4d8a8) Importer(815301076,1909f56bfc062723c751e8b465ee728b)  -> (artifact id: 'f0e403b4058d01d5412145d3aa0969a6') in 0.037954 seconds 
========================================================================
Received Import Request.
  Time since last request: 0.000788 seconds.
  path: Assets/Sprites/Disparo.png
  artifactKey: Guid(a12cd3b1f9a86b0498e406faa4291cb8) Importer(815301076,1909f56bfc062723c751e8b465ee728b)
Start importing Assets/Sprites/Disparo.png using Guid(a12cd3b1f9a86b0498e406faa4291cb8) Importer(815301076,1909f56bfc062723c751e8b465ee728b)  -> (artifact id: 'faea8440f2cdc42fa06390401c5232f8') in 0.027466 seconds 
========================================================================
Received Import Request.
  Time since last request: 0.000800 seconds.
  path: Assets/Sprites/Personagem.png
  artifactKey: Guid(01c1f2b66fd27ec4b9face46be53f08a) Importer(815301076,1909f56bfc062723c751e8b465ee728b)
Start importing Assets/Sprites/Personagem.png using Guid(01c1f2b66fd27ec4b9face46be53f08a) Importer(815301076,1909f56bfc062723c751e8b465ee728b)  -> (artifact id: '43bb6964316817726fcbb2277c8e4516') in 0.046355 seconds 
========================================================================
Received Import Request.
  Time since last request: 23.563305 seconds.
  path: Assets/Tilemap
  artifactKey: Guid(1fb6dfb9eb5b3e64b9777f54a1384eb1) Importer(815301076,1909f56bfc062723c751e8b465ee728b)
Start importing Assets/Tilemap using Guid(1fb6dfb9eb5b3e64b9777f54a1384eb1) Importer(815301076,1909f56bfc062723c751e8b465ee728b)  -> (artifact id: 'c0f4314372149cfa6b21a9634742ec68') in 0.004735 seconds 
========================================================================
Received Import Request.
  Time since last request: 0.070983 seconds.
  path: Assets/Tilemap/Tiles.prefab
  artifactKey: Guid(8405ecbd009a0af42a493ab0d3b60c6b) Importer(815301076,1909f56bfc062723c751e8b465ee728b)
Start importing Assets/Tilemap/Tiles.prefab using Guid(8405ecbd009a0af42a493ab0d3b60c6b) Importer(815301076,1909f56bfc062723c751e8b465ee728b)  -> (artifact id: '32be2a407a2c0905c09b24f070c24b7b') in 0.150869 seconds 
========================================================================
Received Import Request.
  Time since last request: 0.000848 seconds.
  path: Assets/Tilemap/tileset-sliced_11.asset
  artifactKey: Guid(48e9bbad17ecf134d80d0a19b05965a4) Importer(815301076,1909f56bfc062723c751e8b465ee728b)
Start importing Assets/Tilemap/tileset-sliced_11.asset using Guid(48e9bbad17ecf134d80d0a19b05965a4) Importer(815301076,1909f56bfc062723c751e8b465ee728b)  -> (artifact id: 'a6f9c8811ada8598c7d4d2871a77616c') in 0.051934 seconds 
========================================================================
Received Import Request.
  Time since last request: 0.001245 seconds.
  path: Assets/Tilemap/tileset-sliced_16.asset
  artifactKey: Guid(d5c5e469568151f47b2c3a2cc5fcddcf) Importer(815301076,1909f56bfc062723c751e8b465ee728b)
Start importing Assets/Tilemap/tileset-sliced_16.asset using Guid(d5c5e469568151f47b2c3a2cc5fcddcf) Importer(815301076,1909f56bfc062723c751e8b465ee728b)  -> (artifact id: '623ed73c25cd2cb4a081fbceb6e68916') in 0.022462 seconds 
========================================================================
Received Import Request.
  Time since last request: 0.000616 seconds.
  path: Assets/Tilemap/tileset-sliced_14.asset
  artifactKey: Guid(88a31dda2ecdee64c98406083b6e23f5) Importer(815301076,1909f56bfc062723c751e8b465ee728b)
Start importing Assets/Tilemap/tileset-sliced_14.asset using Guid(88a31dda2ecdee64c98406083b6e23f5) Importer(815301076,1909f56bfc062723c751e8b465ee728b)  -> (artifact id: 'c85366615f57bf12ad7dd95cfbf97cfc') in 0.025772 seconds 
========================================================================
Received Import Request.
  Time since last request: 0.000610 seconds.
  path: Assets/Tilemap/tileset-sliced_12.asset
  artifactKey: Guid(0c8059723d67c224192d10b285f29512) Importer(815301076,1909f56bfc062723c751e8b465ee728b)
Start importing Assets/Tilemap/tileset-sliced_12.asset using Guid(0c8059723d67c224192d10b285f29512) Importer(815301076,1909f56bfc062723c751e8b465ee728b)  -> (artifact id: '72371a0ca4d40455e0109fe88b2d7a40') in 0.018578 seconds 
========================================================================
Received Import Request.
  Time since last request: 0.000726 seconds.
  path: Assets/Tilemap/tileset-sliced_13.asset
  artifactKey: Guid(e76b3e5b9fdc18f4baa3700f606231cc) Importer(815301076,1909f56bfc062723c751e8b465ee728b)
Start importing Assets/Tilemap/tileset-sliced_13.asset using Guid(e76b3e5b9fdc18f4baa3700f606231cc) Importer(815301076,1909f56bfc062723c751e8b465ee728b)  -> (artifact id: 'aee8a6797a95f88b5d69be3faf206669') in 0.017864 seconds 
========================================================================
Received Import Request.
  Time since last request: 0.000603 seconds.
  path: Assets/Tilemap/tileset-sliced_2.asset
  artifactKey: Guid(826193e6310c3a54aa4c86e3cbfcd624) Importer(815301076,1909f56bfc062723c751e8b465ee728b)
Start importing Assets/Tilemap/tileset-sliced_2.asset using Guid(826193e6310c3a54aa4c86e3cbfcd624) Importer(815301076,1909f56bfc062723c751e8b465ee728b)  -> (artifact id: '0ccaefc721d3b7a6ca0b14d5964fe201') in 0.029081 seconds 
========================================================================
Received Import Request.
  Time since last request: 0.000625 seconds.
  path: Assets/Tilemap/tileset-sliced_19.asset
  artifactKey: Guid(d4728d87550eddc45af6333dc580215a) Importer(815301076,1909f56bfc062723c751e8b465ee728b)
Start importing Assets/Tilemap/tileset-sliced_19.asset using Guid(d4728d87550eddc45af6333dc580215a) Importer(815301076,1909f56bfc062723c751e8b465ee728b)  -> (artifact id: '737bc8ad0f10304de917275dbec2082b') in 0.022618 seconds 
========================================================================
Received Import Request.
  Time since last request: 0.000655 seconds.
  path: Assets/Tilemap/tileset-sliced_6.asset
  artifactKey: Guid(fb6d94ec323179148a71e9b5eb7a912f) Importer(815301076,1909f56bfc062723c751e8b465ee728b)
Start importing Assets/Tilemap/tileset-sliced_6.asset using Guid(fb6d94ec323179148a71e9b5eb7a912f) Importer(815301076,1909f56bfc062723c751e8b465ee728b)  -> (artifact id: 'ea80002f0d802fef2184830e98885abd') in 0.015418 seconds 
========================================================================
Received Import Request.
  Time since last request: 0.000599 seconds.
  path: Assets/Tilemap/tileset-sliced_8.asset
  artifactKey: Guid(6a070d78e10c4ef45bd711deded26aa8) Importer(815301076,1909f56bfc062723c751e8b465ee728b)
Start importing Assets/Tilemap/tileset-sliced_8.asset using Guid(6a070d78e10c4ef45bd711deded26aa8) Importer(815301076,1909f56bfc062723c751e8b465ee728b)  -> (artifact id: '58820f6f41a407214ad1471188d0625d') in 0.025013 seconds 
========================================================================
Received Import Request.
  Time since last request: 0.000637 seconds.
  path: Assets/Tilemap/tileset-sliced_9.asset
  artifactKey: Guid(2b78cf213a0b58845a44e9f89331681a) Importer(815301076,1909f56bfc062723c751e8b465ee728b)
Start importing Assets/Tilemap/tileset-sliced_9.asset using Guid(2b78cf213a0b58845a44e9f89331681a) Importer(815301076,1909f56bfc062723c751e8b465ee728b)  -> (artifact id: '20647dcb8d957ac0d444cd3eec195104') in 0.023159 seconds 
========================================================================
Received Import Request.
  Time since last request: 0.000697 seconds.
  path: Assets/Tilemap/tileset-sliced_5.asset
  artifactKey: Guid(2bc24879df24dbc4db74228e5e8b2884) Importer(815301076,1909f56bfc062723c751e8b465ee728b)
Start importing Assets/Tilemap/tileset-sliced_5.asset using Guid(2bc24879df24dbc4db74228e5e8b2884) Importer(815301076,1909f56bfc062723c751e8b465ee728b)  -> (artifact id: '13a11056569242ac2cf7c28a63371bc5') in 0.018483 seconds 
========================================================================
Received Import Request.
  Time since last request: 0.000635 seconds.
  path: Assets/Tilemap/tileset-sliced_18.asset
  artifactKey: Guid(9ef75b3ec2f6c394d8857cf6c84788bb) Importer(815301076,1909f56bfc062723c751e8b465ee728b)
Start importing Assets/Tilemap/tileset-sliced_18.asset using Guid(9ef75b3ec2f6c394d8857cf6c84788bb) Importer(815301076,1909f56bfc062723c751e8b465ee728b)  -> (artifact id: '308b0152018e65f5d27260645648eaba') in 0.016095 seconds 
========================================================================
Received Import Request.
  Time since last request: 0.000614 seconds.
  path: Assets/Tilemap/tileset-sliced_0.asset
  artifactKey: Guid(6045542be1930d046ade944918e394ee) Importer(815301076,1909f56bfc062723c751e8b465ee728b)
Start importing Assets/Tilemap/tileset-sliced_0.asset using Guid(6045542be1930d046ade944918e394ee) Importer(815301076,1909f56bfc062723c751e8b465ee728b)  -> (artifact id: '30f3eb46af677597ee19066648c05868') in 0.028086 seconds 
========================================================================
Received Import Request.
  Time since last request: 0.000984 seconds.
  path: Assets/Tilemap/tileset-sliced_4.asset
  artifactKey: Guid(0505aecebdbf3774c9442be8e8b739a7) Importer(815301076,1909f56bfc062723c751e8b465ee728b)
Start importing Assets/Tilemap/tileset-sliced_4.asset using Guid(0505aecebdbf3774c9442be8e8b739a7) Importer(815301076,1909f56bfc062723c751e8b465ee728b)  -> (artifact id: 'b2592cb446c82754b3a19188512c7833') in 0.018963 seconds 
========================================================================
Received Import Request.
  Time since last request: 0.000624 seconds.
  path: Assets/Tilemap/tileset-sliced_17.asset
  artifactKey: Guid(576cf38e79611e14382d8781633bed4a) Importer(815301076,1909f56bfc062723c751e8b465ee728b)
Start importing Assets/Tilemap/tileset-sliced_17.asset using Guid(576cf38e79611e14382d8781633bed4a) Importer(815301076,1909f56bfc062723c751e8b465ee728b)  -> (artifact id: '3c5c97ca7527f70ea31057dcc59b8f00') in 0.016327 seconds 
========================================================================
Received Import Request.
  Time since last request: 0.000644 seconds.
  path: Assets/Tilemap/tileset-sliced_1.asset
  artifactKey: Guid(9d60d37dbf087b1418bdf9c70d0bc7c3) Importer(815301076,1909f56bfc062723c751e8b465ee728b)
Start importing Assets/Tilemap/tileset-sliced_1.asset using Guid(9d60d37dbf087b1418bdf9c70d0bc7c3) Importer(815301076,1909f56bfc062723c751e8b465ee728b)  -> (artifact id: 'f0de4d7c5c1e160047be591543ca4baa') in 0.017156 seconds 
========================================================================
Received Import Request.
  Time since last request: 0.000673 seconds.
  path: Assets/Tilemap/tileset-sliced_20.asset
  artifactKey: Guid(4313f49b4db941449902ac09d018d235) Importer(815301076,1909f56bfc062723c751e8b465ee728b)
Start importing Assets/Tilemap/tileset-sliced_20.asset using Guid(4313f49b4db941449902ac09d018d235) Importer(815301076,1909f56bfc062723c751e8b465ee728b)  -> (artifact id: '2478ff92c91a921895389a51a3b874cc') in 0.036950 seconds 
========================================================================
Received Import Request.
  Time since last request: 0.000629 seconds.
  path: Assets/Tilemap/tileset-sliced_7.asset
  artifactKey: Guid(08f1bc3ed6ed0cc41b9ebc10fbd1f981) Importer(815301076,1909f56bfc062723c751e8b465ee728b)
Start importing Assets/Tilemap/tileset-sliced_7.asset using Guid(08f1bc3ed6ed0cc41b9ebc10fbd1f981) Importer(815301076,1909f56bfc062723c751e8b465ee728b)  -> (artifact id: 'afcd11b3710b3d4390420697f956f0b2') in 0.034516 seconds 
========================================================================
Received Import Request.
  Time since last request: 0.000831 seconds.
  path: Assets/Tilemap/tileset-sliced_3.asset
  artifactKey: Guid(45682355ed1250a4aa07a7dfe739f622) Importer(815301076,1909f56bfc062723c751e8b465ee728b)
Start importing Assets/Tilemap/tileset-sliced_3.asset using Guid(45682355ed1250a4aa07a7dfe739f622) Importer(815301076,1909f56bfc062723c751e8b465ee728b)  -> (artifact id: '24433bed6bdc3f752428d07c64de7510') in 0.022322 seconds 
========================================================================
Received Import Request.
  Time since last request: 0.000808 seconds.
  path: Assets/Tilemap/tileset-sliced_15.asset
  artifactKey: Guid(22f70cf981e536143a1a506ca929b1ec) Importer(815301076,1909f56bfc062723c751e8b465ee728b)
Start importing Assets/Tilemap/tileset-sliced_15.asset using Guid(22f70cf981e536143a1a506ca929b1ec) Importer(815301076,1909f56bfc062723c751e8b465ee728b)  -> (artifact id: 'd7560927b16c3ece3bb653c68f24ffc1') in 0.018384 seconds 
========================================================================
Received Import Request.
  Time since last request: 0.000594 seconds.
  path: Assets/Tilemap/tileset-sliced_10.asset
  artifactKey: Guid(10b86f4728b2e9b4eb3202e5bdd8757f) Importer(815301076,1909f56bfc062723c751e8b465ee728b)
Start importing Assets/Tilemap/tileset-sliced_10.asset using Guid(10b86f4728b2e9b4eb3202e5bdd8757f) Importer(815301076,1909f56bfc062723c751e8b465ee728b)  -> (artifact id: 'c44b4ae93c4170ef78663fa30f2a1460') in 0.038728 seconds 
========================================================================
Received Import Request.
  Time since last request: 0.684864 seconds.
  path: Assets/Tilemap/tileset-sliced_21.asset
  artifactKey: Guid(5c30db337d5bcf14581741adedadb3d9) Importer(815301076,1909f56bfc062723c751e8b465ee728b)
Start importing Assets/Tilemap/tileset-sliced_21.asset using Guid(5c30db337d5bcf14581741adedadb3d9) Importer(815301076,1909f56bfc062723c751e8b465ee728b)  -> (artifact id: 'e711eab1565890e4f19cd145a0affd93') in 0.032656 seconds 
========================================================================
Received Import Request.
  Time since last request: 0.000817 seconds.
  path: Assets/Tilemap/tileset-sliced_25.asset
  artifactKey: Guid(0cded02f047f55f42aad94c9dfa45802) Importer(815301076,1909f56bfc062723c751e8b465ee728b)
Start importing Assets/Tilemap/tileset-sliced_25.asset using Guid(0cded02f047f55f42aad94c9dfa45802) Importer(815301076,1909f56bfc062723c751e8b465ee728b)  -> (artifact id: 'b0ac3b3a00a37c2df76d3d77f4ec79dc') in 0.015912 seconds 
========================================================================
Received Import Request.
  Time since last request: 0.000596 seconds.
  path: Assets/Tilemap/tileset-sliced_26.asset
  artifactKey: Guid(313b439042d43d047a57652ceed41239) Importer(815301076,1909f56bfc062723c751e8b465ee728b)
Start importing Assets/Tilemap/tileset-sliced_26.asset using Guid(313b439042d43d047a57652ceed41239) Importer(815301076,1909f56bfc062723c751e8b465ee728b)  -> (artifact id: '3c6f1de0516945f998c4ea5fc66bc99a') in 0.016241 seconds 
========================================================================
Received Import Request.
  Time since last request: 0.000784 seconds.
  path: Assets/Tilemap/tileset-sliced_29.asset
  artifactKey: Guid(0bc6f6d3d17dcc94cb018e1238a968a5) Importer(815301076,1909f56bfc062723c751e8b465ee728b)
Start importing Assets/Tilemap/tileset-sliced_29.asset using Guid(0bc6f6d3d17dcc94cb018e1238a968a5) Importer(815301076,1909f56bfc062723c751e8b465ee728b)  -> (artifact id: '23d690459b904f1a5301b25a89cc48e5') in 0.025823 seconds 
========================================================================
Received Import Request.
  Time since last request: 0.000651 seconds.
  path: Assets/Tilemap/tileset-sliced_27.asset
  artifactKey: Guid(d186c92c8c7ac8c468c008fbe314c1fe) Importer(815301076,1909f56bfc062723c751e8b465ee728b)
Start importing Assets/Tilemap/tileset-sliced_27.asset using Guid(d186c92c8c7ac8c468c008fbe314c1fe) Importer(815301076,1909f56bfc062723c751e8b465ee728b)  -> (artifact id: '2953fba82a2625067f4cd856c3b34b7d') in 0.019089 seconds 
========================================================================
Received Import Request.
  Time since last request: 0.000731 seconds.
  path: Assets/Tilemap/tileset-sliced_22.asset
  artifactKey: Guid(775f82f6ac4f6f249bef4d403797b1cb) Importer(815301076,1909f56bfc062723c751e8b465ee728b)
Start importing Assets/Tilemap/tileset-sliced_22.asset using Guid(775f82f6ac4f6f249bef4d403797b1cb) Importer(815301076,1909f56bfc062723c751e8b465ee728b)  -> (artifact id: 'b0ac36877f13b9f0a6a3bb1183d12691') in 0.020361 seconds 
========================================================================
Received Import Request.
  Time since last request: 0.000718 seconds.
  path: Assets/Tilemap/tileset-sliced_24.asset
  artifactKey: Guid(fb759d34be2f6b1478435cc23e6496a8) Importer(815301076,1909f56bfc062723c751e8b465ee728b)
Start importing Assets/Tilemap/tileset-sliced_24.asset using Guid(fb759d34be2f6b1478435cc23e6496a8) Importer(815301076,1909f56bfc062723c751e8b465ee728b)  -> (artifact id: '3426f0da5642925f7c72fb73f5fce342') in 0.017014 seconds 
========================================================================
Received Import Request.
  Time since last request: 0.000639 seconds.
  path: Assets/Tilemap/tileset-sliced_28.asset
  artifactKey: Guid(7672a4cd45f454e4695474011bcb4c51) Importer(815301076,1909f56bfc062723c751e8b465ee728b)
Start importing Assets/Tilemap/tileset-sliced_28.asset using Guid(7672a4cd45f454e4695474011bcb4c51) Importer(815301076,1909f56bfc062723c751e8b465ee728b)  -> (artifact id: 'fea38221dec6e200808b794a1a3c437c') in 0.018767 seconds 
========================================================================
Received Import Request.
  Time since last request: 0.001592 seconds.
  path: Assets/Tilemap/tileset-sliced_23.asset
  artifactKey: Guid(a5b3709cbbb04ac4d8ea2d2f6603f409) Importer(815301076,1909f56bfc062723c751e8b465ee728b)
Start importing Assets/Tilemap/tileset-sliced_23.asset using Guid(a5b3709cbbb04ac4d8ea2d2f6603f409) Importer(815301076,1909f56bfc062723c751e8b465ee728b)  -> (artifact id: 'bc0cb96b6e5a63d3292870634d261052') in 0.017857 seconds 
========================================================================
Received Import Request.
  Time since last request: 0.106299 seconds.
  path: Assets/Tilemap/tileset-sliced_30.asset
  artifactKey: Guid(9837b3d0400422b4398b930896abde1a) Importer(815301076,1909f56bfc062723c751e8b465ee728b)
Start importing Assets/Tilemap/tileset-sliced_30.asset using Guid(9837b3d0400422b4398b930896abde1a) Importer(815301076,1909f56bfc062723c751e8b465ee728b)  -> (artifact id: '2adec11e781f523f4b71353c04300566') in 0.018144 seconds 
========================================================================
Received Import Request.
  Time since last request: 0.000669 seconds.
  path: Assets/Tilemap/tileset-sliced_34.asset
  artifactKey: Guid(ce9bbc2f578a6004aaef5c1712eb5742) Importer(815301076,1909f56bfc062723c751e8b465ee728b)
Start importing Assets/Tilemap/tileset-sliced_34.asset using Guid(ce9bbc2f578a6004aaef5c1712eb5742) Importer(815301076,1909f56bfc062723c751e8b465ee728b)  -> (artifact id: '6aa13a9618a75d62a6c52eafa0982a38') in 0.025367 seconds 
========================================================================
Received Import Request.
  Time since last request: 0.002006 seconds.
  path: Assets/Tilemap/tileset-sliced_35.asset
  artifactKey: Guid(0c85ae9427fa8ed4a8338c1bdd94d269) Importer(815301076,1909f56bfc062723c751e8b465ee728b)
Start importing Assets/Tilemap/tileset-sliced_35.asset using Guid(0c85ae9427fa8ed4a8338c1bdd94d269) Importer(815301076,1909f56bfc062723c751e8b465ee728b)  -> (artifact id: '6ff59fdff759da6cd6ae1a4e8cedad1d') in 0.033022 seconds 
========================================================================
Received Import Request.
  Time since last request: 0.000649 seconds.
  path: Assets/Tilemap/tileset-sliced_39.asset
  artifactKey: Guid(26c94b548f6566e4681e524188241d63) Importer(815301076,1909f56bfc062723c751e8b465ee728b)
Start importing Assets/Tilemap/tileset-sliced_39.asset using Guid(26c94b548f6566e4681e524188241d63) Importer(815301076,1909f56bfc062723c751e8b465ee728b)  -> (artifact id: '4074c21fc2edd944b3802db3fcee7559') in 0.021396 seconds 
========================================================================
Received Import Request.
  Time since last request: 0.000862 seconds.
  path: Assets/Tilemap/tileset-sliced_37.asset
  artifactKey: Guid(5e255c0c89bf99a428666bbd08d99d89) Importer(815301076,1909f56bfc062723c751e8b465ee728b)
Start importing Assets/Tilemap/tileset-sliced_37.asset using Guid(5e255c0c89bf99a428666bbd08d99d89) Importer(815301076,1909f56bfc062723c751e8b465ee728b)  -> (artifact id: 'be2e6d443c860afacbe57ab75b84181e') in 0.020619 seconds 
========================================================================
Received Import Request.
  Time since last request: 0.000648 seconds.
  path: Assets/Tilemap/tileset-sliced_40.asset
  artifactKey: Guid(d3a17d21d8d3e2c44b7504a0f8766bea) Importer(815301076,1909f56bfc062723c751e8b465ee728b)
Start importing Assets/Tilemap/tileset-sliced_40.asset using Guid(d3a17d21d8d3e2c44b7504a0f8766bea) Importer(815301076,1909f56bfc062723c751e8b465ee728b)  -> (artifact id: '0fdff13dbc9a5c1a2d24b2df3f810952') in 0.020914 seconds 
========================================================================
Received Import Request.
  Time since last request: 0.000633 seconds.
  path: Assets/Tilemap/tileset-sliced_41.asset
  artifactKey: Guid(64d3a8f518d50fa46a10c162f3c175c1) Importer(815301076,1909f56bfc062723c751e8b465ee728b)
Start importing Assets/Tilemap/tileset-sliced_41.asset using Guid(64d3a8f518d50fa46a10c162f3c175c1) Importer(815301076,1909f56bfc062723c751e8b465ee728b)  -> (artifact id: '472214b3298c3a3f982a773dc3244778') in 0.032207 seconds 
========================================================================
Received Import Request.
  Time since last request: 0.000660 seconds.
  path: Assets/Tilemap/tileset-sliced_33.asset
  artifactKey: Guid(576c378bab9f3004585f53d4b48b1193) Importer(815301076,1909f56bfc062723c751e8b465ee728b)
Start importing Assets/Tilemap/tileset-sliced_33.asset using Guid(576c378bab9f3004585f53d4b48b1193) Importer(815301076,1909f56bfc062723c751e8b465ee728b)  -> (artifact id: 'fe925776829553bbaf0c4a98019cdf41') in 0.022272 seconds 
========================================================================
Received Import Request.
  Time since last request: 0.001549 seconds.
  path: Assets/Tilemap/tileset-sliced_32.asset
  artifactKey: Guid(7221a8479dfde1d45802c493ecbf8d90) Importer(815301076,1909f56bfc062723c751e8b465ee728b)
Start importing Assets/Tilemap/tileset-sliced_32.asset using Guid(7221a8479dfde1d45802c493ecbf8d90) Importer(815301076,1909f56bfc062723c751e8b465ee728b)  -> (artifact id: '8f547557529c58b467984868a17a9915') in 0.035147 seconds 
========================================================================
Received Import Request.
  Time since last request: 0.000628 seconds.
  path: Assets/Tilemap/tileset-sliced_43.asset
  artifactKey: Guid(770befa975e8dde408cbb127e23b5bc4) Importer(815301076,1909f56bfc062723c751e8b465ee728b)
Start importing Assets/Tilemap/tileset-sliced_43.asset using Guid(770befa975e8dde408cbb127e23b5bc4) Importer(815301076,1909f56bfc062723c751e8b465ee728b)  -> (artifact id: 'c5d2d1a1f707ce7b88a055c1c47c825a') in 0.017453 seconds 
========================================================================
Received Import Request.
  Time since last request: 0.001292 seconds.
  path: Assets/Tilemap/tileset-sliced_45.asset
  artifactKey: Guid(d4a6fb5bea1403442b27491a28ec13dd) Importer(815301076,1909f56bfc062723c751e8b465ee728b)
Start importing Assets/Tilemap/tileset-sliced_45.asset using Guid(d4a6fb5bea1403442b27491a28ec13dd) Importer(815301076,1909f56bfc062723c751e8b465ee728b)  -> (artifact id: '402680b9b21e3a2dcf77b6aba206ac20') in 0.017728 seconds 
========================================================================
Received Import Request.
  Time since last request: 0.001506 seconds.
  path: Assets/Tilemap/tileset-sliced_50.asset
  artifactKey: Guid(38ff1de8baedb9a4cb466f8e0854c4bb) Importer(815301076,1909f56bfc062723c751e8b465ee728b)
Start importing Assets/Tilemap/tileset-sliced_50.asset using Guid(38ff1de8baedb9a4cb466f8e0854c4bb) Importer(815301076,1909f56bfc062723c751e8b465ee728b)  -> (artifact id: '537488e088fd4531b05af2d61a971c4e') in 0.033767 seconds 
========================================================================
Received Import Request.
  Time since last request: 0.000592 seconds.
  path: Assets/Tilemap/tileset-sliced_49.asset
  artifactKey: Guid(a5d8b1f437fc9244b8b34fee6c79d92f) Importer(815301076,1909f56bfc062723c751e8b465ee728b)
Start importing Assets/Tilemap/tileset-sliced_49.asset using Guid(a5d8b1f437fc9244b8b34fee6c79d92f) Importer(815301076,1909f56bfc062723c751e8b465ee728b)  -> (artifact id: '84164df84ab4c45bfa924e7f8b4eb9b5') in 0.016660 seconds 
========================================================================
Received Import Request.
  Time since last request: 0.000627 seconds.
  path: Assets/Tilemap/tileset-sliced_42.asset
  artifactKey: Guid(f3111195202ffd341bf9c3ecf3972320) Importer(815301076,1909f56bfc062723c751e8b465ee728b)
Start importing Assets/Tilemap/tileset-sliced_42.asset using Guid(f3111195202ffd341bf9c3ecf3972320) Importer(815301076,1909f56bfc062723c751e8b465ee728b)  -> (artifact id: '0ad9b9a996e0ac8c0ed40caf5b9cf00b') in 0.034574 seconds 
========================================================================
Received Import Request.
  Time since last request: 0.000900 seconds.
  path: Assets/Tilemap/tileset-sliced_47.asset
  artifactKey: Guid(649956e659d5ab94ba7cbab9a03cbc15) Importer(815301076,1909f56bfc062723c751e8b465ee728b)
Start importing Assets/Tilemap/tileset-sliced_47.asset using Guid(649956e659d5ab94ba7cbab9a03cbc15) Importer(815301076,1909f56bfc062723c751e8b465ee728b)  -> (artifact id: 'e04abf673ccc0761668acfba43db0fa9') in 0.015579 seconds 
========================================================================
Received Import Request.
  Time since last request: 0.000706 seconds.
  path: Assets/Tilemap/tileset-sliced_48.asset
  artifactKey: Guid(ec2abd9e836909f4d8fc7c6b29acdc19) Importer(815301076,1909f56bfc062723c751e8b465ee728b)
Start importing Assets/Tilemap/tileset-sliced_48.asset using Guid(ec2abd9e836909f4d8fc7c6b29acdc19) Importer(815301076,1909f56bfc062723c751e8b465ee728b)  -> (artifact id: '88b0a35adecb6c11ae9fb03e57e2ca90') in 0.021629 seconds 
========================================================================
Received Import Request.
  Time since last request: 0.000615 seconds.
  path: Assets/Tilemap/tileset-sliced_36.asset
  artifactKey: Guid(55e7b9c369d48134697c217c211bb1d1) Importer(815301076,1909f56bfc062723c751e8b465ee728b)
Start importing Assets/Tilemap/tileset-sliced_36.asset using Guid(55e7b9c369d48134697c217c211bb1d1) Importer(815301076,1909f56bfc062723c751e8b465ee728b)  -> (artifact id: 'e1aebe5fa8f3650f602b4be164253c63') in 0.047509 seconds 
========================================================================
Received Import Request.
  Time since last request: 0.000626 seconds.
  path: Assets/Tilemap/tileset-sliced_38.asset
  artifactKey: Guid(6bf37f7fce58a864a87e1cadf0cc8c95) Importer(815301076,1909f56bfc062723c751e8b465ee728b)
Start importing Assets/Tilemap/tileset-sliced_38.asset using Guid(6bf37f7fce58a864a87e1cadf0cc8c95) Importer(815301076,1909f56bfc062723c751e8b465ee728b)  -> (artifact id: '05730b0d6886a6c31fdb177e9a7b3444') in 0.019849 seconds 
========================================================================
Received Import Request.
  Time since last request: 0.000640 seconds.
  path: Assets/Tilemap/tileset-sliced_31.asset
  artifactKey: Guid(ffd0474709c014b42a0021a634df991d) Importer(815301076,1909f56bfc062723c751e8b465ee728b)
Start importing Assets/Tilemap/tileset-sliced_31.asset using Guid(ffd0474709c014b42a0021a634df991d) Importer(815301076,1909f56bfc062723c751e8b465ee728b)  -> (artifact id: '30054b51c9377354192ad5dd431b9ce6') in 0.021469 seconds 
========================================================================
Received Import Request.
  Time since last request: 0.000880 seconds.
  path: Assets/Tilemap/tileset-sliced_46.asset
  artifactKey: Guid(4cc76379d7024024bb777f68ea95c404) Importer(815301076,1909f56bfc062723c751e8b465ee728b)
Start importing Assets/Tilemap/tileset-sliced_46.asset using Guid(4cc76379d7024024bb777f68ea95c404) Importer(815301076,1909f56bfc062723c751e8b465ee728b)  -> (artifact id: 'a55d106df1f65db8f75731e0ec2aceca') in 0.021869 seconds 
========================================================================
Received Import Request.
  Time since last request: 0.000673 seconds.
  path: Assets/Tilemap/tileset-sliced_44.asset
  artifactKey: Guid(07a105a2f4be915449c77bcd36028877) Importer(815301076,1909f56bfc062723c751e8b465ee728b)
Start importing Assets/Tilemap/tileset-sliced_44.asset using Guid(07a105a2f4be915449c77bcd36028877) Importer(815301076,1909f56bfc062723c751e8b465ee728b)  -> (artifact id: '6bfca7b955e14f84eae6ed598243e2c1') in 0.019058 seconds 
========================================================================
Received Import Request.
  Time since last request: 34.364450 seconds.
  path: Assets/Scenes/Fase_1.unity
  artifactKey: Guid(2cda990e2423bbf4892e6590ba056729) Importer(815301076,1909f56bfc062723c751e8b465ee728b)
Start importing Assets/Scenes/Fase_1.unity using Guid(2cda990e2423bbf4892e6590ba056729) Importer(815301076,1909f56bfc062723c751e8b465ee728b)  -> (artifact id: '09be7245d0b19683818bb8af81918075') in 0.011545 seconds 
========================================================================
Received Prepare
Registering precompiled user dll's ...
Registered in 0.017803 seconds.
Begin MonoManager ReloadAssembly
Native extension for WindowsStandalone target not found
Refreshing native plugins compatible for Editor in 2.00 ms, found 3 plugins.
Preloading 0 native plugins for Editor in 0.00 ms.
Mono: successfully reloaded assembly
- Completed reload, in  3.645 seconds
Domain Reload Profiling:
	ReloadAssembly (3647ms)
		BeginReloadAssembly (399ms)
			ExecutionOrderSort (0ms)
			DisableScriptedObjects (38ms)
			BackupInstance (0ms)
			ReleaseScriptingObjects (0ms)
			CreateAndSetChildDomain (132ms)
		EndReloadAssembly (2990ms)
			LoadAssemblies (346ms)
			RebuildTransferFunctionScriptingTraits (0ms)
			SetupTypeCache (975ms)
			ReleaseScriptCaches (6ms)
			RebuildScriptCaches (189ms)
			SetupLoadedEditorAssemblies (1099ms)
				LogAssemblyErrors (0ms)
				InitializePlatformSupportModulesInManaged (13ms)
				SetLoadedEditorAssemblies (1ms)
				RefreshPlugins (2ms)
				BeforeProcessingInitializeOnLoad (223ms)
				ProcessInitializeOnLoadAttributes (708ms)
				ProcessInitializeOnLoadMethodAttributes (138ms)
				AfterProcessingInitializeOnLoad (14ms)
				EditorAssembliesLoaded (0ms)
			ExecutionOrderSort2 (0ms)
			AwakeInstancesAfterBackupRestoration (38ms)
Platform modules already initialized, skipping
Refreshing native plugins compatible for Editor in 3.25 ms, found 3 plugins.
Preloading 0 native plugins for Editor in 0.00 ms.
Unloading 2888 Unused Serialized files (Serialized files now loaded: 0)
System memory in use before: 120.5 MB.
System memory in use after: 120.7 MB.

Unloading 51 unused Assets to reduce memory usage. Loaded Objects now: 3377.
Total: 23.518200 ms (FindLiveObjects: 0.903700 ms CreateObjectMapping: 0.388100 ms MarkObjects: 21.973500 ms  DeleteObjects: 0.248000 ms)

AssetImportParameters requested are different than current active one (requested -> active):
  custom:framework-win-MediaFoundation: 216162199b28c13a410421893ffa2e32 -> 
  custom:video-decoder-ogg-theora: a1e56fd34408186e4bbccfd4996cb3dc -> 
  custom:container-muxer-webm: aa71ff27fc2769a1b78a27578f13a17b -> 
  custom:container-demuxer-webm: 4f35f7cbe854078d1ac9338744f61a02 -> 
  custom:container-demuxer-ogg: 62fdf1f143b41e24485cea50d1cbac27 -> 
  custom:video-encoder-webm-vp8: eb34c28f22e8b96e1ab97ce403110664 -> 
  custom:video-decoder-webm-vp8: 9c59270c3fd7afecdb556c50c9e8de78 -> 
  custom:audio-decoder-ogg-vorbis: bf7c407c2cedff20999df2af8eb42d56 -> 
  custom:audio-encoder-webm-vorbis: bf7c407c2cedff20999df2af8eb42d56 -> 
AssetImportWorkerClient::OnTransportError - code=2 error=End of file
